# JRE version: OpenJDK Runtime Environment Microsoft-13877171 (21.0.11+10) (build 21.0.11+10-LTS)
# Java VM: OpenJDK 64-Bit Server VM Microsoft-13877171 (21.0.11+10-LTS, mixed mode, sharing, tiered, compressed oops, compressed class ptrs, g1 gc, windows-amd64)
GC Precious Log:
 CardTable entry size: 512
 Card Set container configuration: InlinePtr #cards 4 size 8 Array Of Cards #cards 16 size 48 Howl #buckets 8 coarsen threshold 3686 Howl Bitmap #cards 512 size 80 coarsen threshold 460 Card regions per heap region 1 cards per card region 4096
 CPUs: 16 total, 16 available
 Memory: 15751M
 Large Page Support: Disabled
 NUMA Support: Disabled
 Compressed Oops: Enabled (Zero based)
 Heap Region Size: 2M
 Heap Min Capacity: 8M
 Heap Initial Capacity: 248M
 Heap Max Capacity: 3938M
 Pre-touch: Disabled
 Parallel Workers: 13
 Concurrent Workers: 3
 Concurrent Refinement Workers: 13
 Periodic GC: Disabled
Heap:
 garbage-first heap   total 71680K, used 24127K [0x0000000709e00000, 0x0000000800000000)
  region size 2048K, 4 young (8192K), 3 survivors (6144K)
 Metaspace       used 35552K, committed 36096K, reserved 1114112K
  class space    used 4631K, committed 4864K, reserved 1048576K
GC Heap History (12 events):
Event: 2.870 GC heap before
{Heap before GC invocations=0 (full 0):
 garbage-first heap   total 253952K, used 22528K [0x0000000709e00000, 0x0000000800000000)
  region size 2048K, 11 young (22528K), 0 survivors (0K)
 Metaspace       used 3106K, committed 3264K, reserved 1114112K
  class space    used 312K, committed 384K, reserved 1048576K
}
Event: 2.880 GC heap after
{Heap after GC invocations=1 (full 0):
 garbage-first heap   total 253952K, used 9265K [0x0000000709e00000, 0x0000000800000000)
  region size 2048K, 2 young (4096K), 2 survivors (4096K)
 Metaspace       used 3106K, committed 3264K, reserved 1114112K
  class space    used 312K, committed 384K, reserved 1048576K
}
Event: 5.796 GC heap before
{Heap before GC invocations=1 (full 0):
 garbage-first heap   total 253952K, used 31793K [0x0000000709e00000, 0x0000000800000000)
  region size 2048K, 14 young (28672K), 2 survivors (4096K)
 Metaspace       used 8608K, committed 8896K, reserved 1114112K
  class space    used 1049K, committed 1152K, reserved 1048576K
}
Event: 5.805 GC heap after
{Heap after GC invocations=2 (full 0):
 garbage-first heap   total 253952K, used 11145K [0x0000000709e00000, 0x0000000800000000)
  region size 2048K, 1 young (2048K), 1 survivors (2048K)
 Metaspace       used 8608K, committed 8896K, reserved 1114112K
  class space    used 1049K, committed 1152K, reserved 1048576K
}
Event: 10.364 GC heap before
{Heap before GC invocations=2 (full 0):
 garbage-first heap   total 253952K, used 97161K [0x0000000709e00000, 0x0000000800000000)
  region size 2048K, 44 young (90112K), 1 survivors (2048K)
 Metaspace       used 21219K, committed 21504K, reserved 1114112K
  class space    used 2688K, committed 2816K, reserved 1048576K
}
Event: 10.379 GC heap after
{Heap after GC invocations=3 (full 0):
 garbage-first heap   total 253952K, used 17070K [0x0000000709e00000, 0x0000000800000000)
  region size 2048K, 4 young (8192K), 4 survivors (8192K)
 Metaspace       used 21219K, committed 21504K, reserved 1114112K
  class space    used 2688K, committed 2816K, reserved 1048576K
}
Event: 12.685 GC heap before
{Heap before GC invocations=4 (full 0):
 garbage-first heap   total 61440K, used 60078K [0x0000000709e00000, 0x0000000800000000)
  region size 2048K, 25 young (51200K), 4 survivors (8192K)
 Metaspace       used 24696K, committed 25024K, reserved 1114112K
  class space    used 3107K, committed 3264K, reserved 1048576K
}
Event: 12.706 GC heap after
{Heap after GC invocations=5 (full 0):
 garbage-first heap   total 71680K, used 19651K [0x0000000709e00000, 0x0000000800000000)
  region size 2048K, 5 young (10240K), 5 survivors (10240K)
 Metaspace       used 24696K, committed 25024K, reserved 1114112K
  class space    used 3107K, committed 3264K, reserved 1048576K
}
Event: 15.321 GC heap before
{Heap before GC invocations=5 (full 0):
 garbage-first heap   total 71680K, used 52419K [0x0000000709e00000, 0x0000000800000000)
  region size 2048K, 21 young (43008K), 5 survivors (10240K)
 Metaspace       used 27536K, committed 27904K, reserved 1114112K
  class space    used 3571K, committed 3712K, reserved 1048576K
}
Event: 15.353 GC heap after
{Heap after GC invocations=6 (full 0):
 garbage-first heap   total 71680K, used 20480K [0x0000000709e00000, 0x0000000800000000)
  region size 2048K, 2 young (4096K), 2 survivors (4096K)
 Metaspace       used 27536K, committed 27904K, reserved 1114112K
  class space    used 3571K, committed 3712K, reserved 1048576K
}
Event: 18.506 GC heap before
{Heap before GC invocations=6 (full 0):
 garbage-first heap   total 71680K, used 55296K [0x0000000709e00000, 0x0000000800000000)
  region size 2048K, 19 young (38912K), 2 survivors (4096K)
 Metaspace       used 31919K, committed 32384K, reserved 1114112K
  class space    used 4119K, committed 4352K, reserved 1048576K
}
Event: 18.524 GC heap after
{Heap after GC invocations=7 (full 0):
 garbage-first heap   total 71680K, used 22499K [0x0000000709e00000, 0x0000000800000000)
  region size 2048K, 2 young (4096K), 2 survivors (4096K)
 Metaspace       used 31919K, committed 32384K, reserved 1114112K
  class space    used 4119K, committed 4352K, reserved 1048576K
}

